<?xml version="1.0" encoding="UTF-8"?>
<!-- Generated by org.testng.reporters.JUnitReportReporter -->
<testsuite hostname="sunny-PC" failures="0" tests="1" name="CURD_Operations_without_BDD.GetAllTheProjects" time="20.452" errors="0" timestamp="2021-12-07T16:17:42 IST" skipped="0">
  <testcase classname="CURD_Operations_without_BDD.GetAllTheProjects" name="getAllProjects" time="20.452"/>
  <system-out/>
</testsuite> <!-- CURD_Operations_without_BDD.GetAllTheProjects -->
