<?xml version="1.0" encoding="UTF-8"?>
<!-- Generated by org.testng.reporters.JUnitReportReporter -->
<testsuite hostname="sunny-PC" failures="0" tests="1" name="com.rmgy.End_To_End.endToEndPost_GetTest" time="13.136" errors="0" timestamp="2021-12-11T14:28:03 IST" skipped="0">
  <testcase classname="com.rmgy.End_To_End.endToEndPost_GetTest" name="endToend" time="13.136"/>
  <system-out/>
</testsuite> <!-- com.rmgy.End_To_End.endToEndPost_GetTest -->
