<?xml version="1.0" encoding="UTF-8"?>
<!-- Generated by org.testng.reporters.JUnitReportReporter -->
<testsuite hostname="sunny-PC" failures="0" tests="1" name="com.rmgy.Response_Validation.DynamicResponseValidationTest" time="12.081" errors="0" timestamp="2021-12-09T15:43:21 IST" skipped="0">
  <testcase classname="com.rmgy.Response_Validation.DynamicResponseValidationTest" name="dynamicResponse" time="12.081"/>
  <system-out/>
</testsuite> <!-- com.rmgy.Response_Validation.DynamicResponseValidationTest -->
