<?xml version="1.0" encoding="UTF-8"?>
<!-- Generated by org.testng.reporters.JUnitReportReporter -->
<testsuite hostname="sunny-PC" failures="0" tests="1" name="com.rmgy.Authentication.OAuth_2_Test" time="14.440" errors="0" timestamp="2021-12-13T15:55:22 IST" skipped="0">
  <testcase classname="com.rmgy.Authentication.OAuth_2_Test" name="oAuth" time="14.440"/>
  <system-out/>
</testsuite> <!-- com.rmgy.Authentication.OAuth_2_Test -->
