<?xml version="1.0" encoding="UTF-8"?>
<!-- Generated by org.testng.reporters.JUnitReportReporter -->
<testsuite hostname="sunny-PC" failures="0" tests="2" name="com.rmgy.Authentication.PreEmptive_DigestiveAuthTest" time="10.580" errors="0" timestamp="2021-12-10T16:29:35 IST" skipped="0">
  <testcase classname="com.rmgy.Authentication.PreEmptive_DigestiveAuthTest" name="preemptive" time="0.611"/>
  <system-out/>
  <testcase classname="com.rmgy.Authentication.PreEmptive_DigestiveAuthTest" name="digestive" time="9.969"/>
  <system-out/>
</testsuite> <!-- com.rmgy.Authentication.PreEmptive_DigestiveAuthTest -->
