<?xml version="1.0" encoding="UTF-8"?>
<!-- Generated by org.testng.reporters.JUnitReportReporter -->
<testsuite hostname="sunny-PC" failures="0" tests="1" name="com.rmgy.Hamcrest_Validation.hamcrestValidationTest" time="12.444" errors="0" timestamp="2021-12-10T15:40:41 IST" skipped="0">
  <testcase classname="com.rmgy.Hamcrest_Validation.hamcrestValidationTest" name="hamcrest" time="12.444"/>
  <system-out/>
</testsuite> <!-- com.rmgy.Hamcrest_Validation.hamcrestValidationTest -->
