<?xml version="1.0" encoding="UTF-8"?>
<!-- Generated by org.testng.reporters.JUnitReportReporter -->
<testsuite hostname="sunny-PC" failures="0" tests="1" name="com.rmgy.Parameters.pathParameterTest" time="9.229" errors="0" timestamp="2021-12-09T16:30:55 IST" skipped="0">
  <testcase classname="com.rmgy.Parameters.pathParameterTest" name="pathParameter" time="9.229"/>
  <system-out/>
</testsuite> <!-- com.rmgy.Parameters.pathParameterTest -->
