<?xml version="1.0" encoding="UTF-8"?>
<!-- Generated by org.testng.reporters.JUnitReportReporter -->
<testsuite hostname="sunny-PC" failures="0" tests="1" name="com.rmgy.Response_Validation.StaticResponseValidationTest" time="11.394" errors="0" timestamp="2021-12-09T15:44:12 IST" skipped="0">
  <testcase classname="com.rmgy.Response_Validation.StaticResponseValidationTest" name="staticResponse" time="11.394"/>
  <system-out/>
</testsuite> <!-- com.rmgy.Response_Validation.StaticResponseValidationTest -->
