<?xml version="1.0" encoding="UTF-8"?>
<!-- Generated by org.testng.reporters.JUnitReportReporter -->
<testsuite hostname="sunny-PC" failures="0" tests="3" name="com.rmgy.Diff_Ways_to_Create_Project.UsingDataProviderTest" time="16.828" errors="0" timestamp="2021-12-09T15:06:37 IST" skipped="0">
  <testcase classname="com.rmgy.Diff_Ways_to_Create_Project.UsingDataProviderTest" name="createProject" time="0.211"/>
  <system-out/>
  <testcase classname="com.rmgy.Diff_Ways_to_Create_Project.UsingDataProviderTest" name="createProject" time="0.421"/>
  <system-out/>
  <testcase classname="com.rmgy.Diff_Ways_to_Create_Project.UsingDataProviderTest" name="createProject" time="16.196"/>
  <system-out/>
</testsuite> <!-- com.rmgy.Diff_Ways_to_Create_Project.UsingDataProviderTest -->
