<?xml version="1.0" encoding="UTF-8"?>
<!-- Generated by org.testng.reporters.JUnitReportReporter -->
<testsuite hostname="sunny-PC" failures="0" tests="1" name="com.rmgy.Authentication.BarerTokenTest" time="12.734" errors="0" timestamp="2021-12-10T16:07:55 IST" skipped="0">
  <testcase classname="com.rmgy.Authentication.BarerTokenTest" name="barerToken" time="12.734"/>
  <system-out/>
</testsuite> <!-- com.rmgy.Authentication.BarerTokenTest -->
