<?xml version="1.0" encoding="UTF-8"?>
<!-- Generated by org.testng.reporters.JUnitReportReporter -->
<testsuite hostname="sunny-PC" failures="0" tests="1" name="CURD_Operations_without_BDD.UpdateProjectTest" time="10.252" errors="0" timestamp="2021-12-08T15:32:24 IST" skipped="0">
  <testcase classname="CURD_Operations_without_BDD.UpdateProjectTest" name="update" time="10.252"/>
  <system-out/>
</testsuite> <!-- CURD_Operations_without_BDD.UpdateProjectTest -->
