<?xml version="1.0" encoding="UTF-8"?>
<!-- Generated by org.testng.reporters.JUnitReportReporter -->
<testsuite hostname="sunny-PC" failures="0" tests="1" name="com.rmgy.Diff_Ways_to_Create_Project.UsingPojoClassTest" time="12.643" errors="0" timestamp="2021-12-09T16:24:26 IST" skipped="0">
  <testcase classname="com.rmgy.Diff_Ways_to_Create_Project.UsingPojoClassTest" name="createProject" time="12.643"/>
  <system-out/>
</testsuite> <!-- com.rmgy.Diff_Ways_to_Create_Project.UsingPojoClassTest -->
