<?xml version="1.0" encoding="UTF-8"?>
<!-- Generated by org.testng.reporters.JUnitReportReporter -->
<testsuite hostname="sunny-PC" failures="0" tests="1" name="com.rmgy.Diff_Ways_to_Create_Project.UsingJSONObjectTest" time="10.182" errors="0" timestamp="2021-12-08T17:28:30 IST" skipped="0">
  <testcase classname="com.rmgy.Diff_Ways_to_Create_Project.UsingJSONObjectTest" name="create" time="10.182"/>
  <system-out/>
</testsuite> <!-- com.rmgy.Diff_Ways_to_Create_Project.UsingJSONObjectTest -->
