<?xml version="1.0" encoding="UTF-8"?>
<!-- Generated by org.testng.reporters.JUnitReportReporter -->
<testsuite hostname="sunny-PC" failures="0" tests="1" name="com.rmgy.Request_Chaining.Get_DeleteTest" time="11.909" errors="0" timestamp="2021-12-09T17:35:58 IST" skipped="0">
  <testcase classname="com.rmgy.Request_Chaining.Get_DeleteTest" name="getDelete" time="11.909"/>
  <system-out/>
</testsuite> <!-- com.rmgy.Request_Chaining.Get_DeleteTest -->
