<?xml version="1.0" encoding="UTF-8"?>
<!-- Generated by org.testng.reporters.JUnitReportReporter -->
<testsuite hostname="sunny-PC" failures="0" tests="1" name="com.rmgy.Diff_Ways_to_Create_Project.UsingJSONfileTest" time="12.719" errors="0" timestamp="2021-12-08T17:24:46 IST" skipped="0">
  <testcase classname="com.rmgy.Diff_Ways_to_Create_Project.UsingJSONfileTest" name="createProject" time="12.719"/>
  <system-out/>
</testsuite> <!-- com.rmgy.Diff_Ways_to_Create_Project.UsingJSONfileTest -->
