<?xml version="1.0" encoding="UTF-8"?>
<!-- Generated by org.testng.reporters.JUnitReportReporter -->
<testsuite hostname="sunny-PC" failures="0" tests="1" name="com.rmgy.Parameters.GitPathParameterTest" time="14.843" errors="0" timestamp="2021-12-10T15:15:30 IST" skipped="0">
  <testcase classname="com.rmgy.Parameters.GitPathParameterTest" name="gitPathParam" time="14.843"/>
  <system-out/>
</testsuite> <!-- com.rmgy.Parameters.GitPathParameterTest -->
