<?xml version="1.0" encoding="UTF-8"?>
<!-- Generated by org.testng.reporters.JUnitReportReporter -->
<testsuite hostname="sunny-PC" failures="0" tests="1" name="com.rmgy.Request_Chaining.Post_DeleteTest" time="15.170" errors="0" timestamp="2021-12-09T17:29:25 IST" skipped="0">
  <testcase classname="com.rmgy.Request_Chaining.Post_DeleteTest" name="postDelete" time="15.170"/>
  <system-out/>
</testsuite> <!-- com.rmgy.Request_Chaining.Post_DeleteTest -->
