<?xml version="1.0" encoding="UTF-8"?>
<!-- Generated by org.testng.reporters.JUnitReportReporter -->
<testsuite hostname="sunny-PC" failures="0" tests="1" name="com.rmgy.CURD_Operations_with_BDD.UpdateProjectTest" time="13.199" errors="0" timestamp="2021-12-08T16:10:56 IST" skipped="0">
  <testcase classname="com.rmgy.CURD_Operations_with_BDD.UpdateProjectTest" name="update" time="13.199"/>
  <system-out/>
</testsuite> <!-- com.rmgy.CURD_Operations_with_BDD.UpdateProjectTest -->
