<?xml version="1.0" encoding="UTF-8"?>
<!-- Generated by org.testng.reporters.JUnitReportReporter -->
<testsuite hostname="sunny-PC" failures="0" tests="1" name="com.rmgy.Authentication.BasicAuthTest" time="11.873" errors="0" timestamp="2021-12-10T15:56:16 IST" skipped="0">
  <testcase classname="com.rmgy.Authentication.BasicAuthTest" name="basicAuth" time="11.873"/>
  <system-out/>
</testsuite> <!-- com.rmgy.Authentication.BasicAuthTest -->
