<?xml version="1.0" encoding="UTF-8"?>
<!-- Generated by org.testng.reporters.JUnitReportReporter -->
<testsuite hostname="sunny-PC" failures="0" tests="1" name="com.rmgy.CURD_Operations_with_BDD.GetAllProjectsTest" time="9.064" errors="0" timestamp="2021-12-09T15:41:35 IST" skipped="0">
  <testcase classname="com.rmgy.CURD_Operations_with_BDD.GetAllProjectsTest" name="getProject" time="9.064"/>
  <system-out/>
</testsuite> <!-- com.rmgy.CURD_Operations_with_BDD.GetAllProjectsTest -->
